[ 2015-05-03T10:10:37+08:00 ] ::1 /parents/index.php/Mobile/Search/getDistrictList
INFO: [ app_init ] --START--
INFO: Run Behavior\BuildLiteBehavior [ RunTime:0.000077s ]
INFO: [ app_init ] --END-- [ RunTime:0.053961s ]
INFO: [ app_begin ] --START--
INFO: Run Behavior\ReadHtmlCacheBehavior [ RunTime:0.013406s ]
INFO: [ app_begin ] --END-- [ RunTime:0.013734s ]
NOTIC: [8192] mysql_connect(): The mysql extension is deprecated and will be removed in the future: use mysqli or PDO instead D:\wamp\www\parents\ThinkPHP\Library\Think\Session\Driver\Db.class.php 第 95 行.
NOTIC: [8] Undefined index: lite D:\wamp\www\parents\ThinkPHP\Library\Think\Db.class.php 第 37 行.
INFO: [ app_end ] --START--
INFO: Run Behavior\ShowPageTraceBehavior [ RunTime:0.032755s ]
INFO: [ app_end ] --END-- [ RunTime:0.033156s ]

[ 2015-05-03T10:12:58+08:00 ] ::1 /parents/index.php/Mobile/Search/getDistrictList/upid/64
INFO: [ app_init ] --START--
INFO: Run Behavior\BuildLiteBehavior [ RunTime:0.000079s ]
INFO: [ app_init ] --END-- [ RunTime:0.001441s ]
INFO: [ app_begin ] --START--
INFO: Run Behavior\ReadHtmlCacheBehavior [ RunTime:0.001302s ]
INFO: [ app_begin ] --END-- [ RunTime:0.001741s ]
NOTIC: [8192] mysql_connect(): The mysql extension is deprecated and will be removed in the future: use mysqli or PDO instead D:\wamp\www\parents\ThinkPHP\Library\Think\Session\Driver\Db.class.php 第 95 行.
NOTIC: [8] Undefined index: lite D:\wamp\www\parents\ThinkPHP\Library\Think\Db.class.php 第 37 行.
INFO: [ app_end ] --START--
INFO: Run Behavior\ShowPageTraceBehavior [ RunTime:0.001541s ]
INFO: [ app_end ] --END-- [ RunTime:0.001885s ]

[ 2015-05-03T10:13:27+08:00 ] ::1 /parents/index.php/Mobile/Search/getDistrictList/upid/64
INFO: [ app_init ] --START--
INFO: Run Behavior\BuildLiteBehavior [ RunTime:0.000071s ]
INFO: [ app_init ] --END-- [ RunTime:0.000895s ]
INFO: [ app_begin ] --START--
INFO: Run Behavior\ReadHtmlCacheBehavior [ RunTime:0.000971s ]
INFO: [ app_begin ] --END-- [ RunTime:0.001345s ]
NOTIC: [8192] mysql_connect(): The mysql extension is deprecated and will be removed in the future: use mysqli or PDO instead D:\wamp\www\parents\ThinkPHP\Library\Think\Session\Driver\Db.class.php 第 95 行.
NOTIC: [8] Undefined index: lite D:\wamp\www\parents\ThinkPHP\Library\Think\Db.class.php 第 37 行.
INFO: [ app_end ] --START--
INFO: Run Behavior\ShowPageTraceBehavior [ RunTime:0.001310s ]
INFO: [ app_end ] --END-- [ RunTime:0.001704s ]

[ 2015-05-03T10:21:03+08:00 ] ::1 /parents/index.php/Mobile/Search/getDistrictList/
INFO: [ app_init ] --START--
INFO: Run Behavior\BuildLiteBehavior [ RunTime:0.000073s ]
INFO: [ app_init ] --END-- [ RunTime:0.001015s ]
INFO: [ app_begin ] --START--
INFO: Run Behavior\ReadHtmlCacheBehavior [ RunTime:0.001253s ]
INFO: [ app_begin ] --END-- [ RunTime:0.001615s ]
NOTIC: [8192] mysql_connect(): The mysql extension is deprecated and will be removed in the future: use mysqli or PDO instead D:\wamp\www\parents\ThinkPHP\Library\Think\Session\Driver\Db.class.php 第 95 行.
NOTIC: [8] Undefined index: lite D:\wamp\www\parents\ThinkPHP\Library\Think\Db.class.php 第 37 行.
NOTIC: [8] Undefined variable: id D:\wamp\www\parents\Application\Mobile\Controller\SearchController.class.php 第 38 行.
INFO: [ app_end ] --START--
INFO: Run Behavior\ShowPageTraceBehavior [ RunTime:0.001543s ]
INFO: [ app_end ] --END-- [ RunTime:0.001966s ]

[ 2015-05-03T15:45:05+08:00 ] ::1 /parents/index.php/Mobile/Search/test/id/11
INFO: [ app_init ] --START--
INFO: Run Behavior\BuildLiteBehavior [ RunTime:0.000078s ]
INFO: [ app_init ] --END-- [ RunTime:0.072202s ]
INFO: [ app_begin ] --START--
INFO: Run Behavior\ReadHtmlCacheBehavior [ RunTime:0.011726s ]
INFO: [ app_begin ] --END-- [ RunTime:0.012278s ]
NOTIC: [8192] mysql_connect(): The mysql extension is deprecated and will be removed in the future: use mysqli or PDO instead D:\wamp\www\parents\ThinkPHP\Library\Think\Session\Driver\Db.class.php 第 95 行.
SQL: SHOW COLUMNS FROM `parent_picture` [ RunTime:0.3732s ]
SQL: SELECT * FROM `parent_picture` WHERE `id` = 11 LIMIT 1   [ RunTime:0.1057s ]
INFO: [ app_end ] --START--
INFO: Run Behavior\ShowPageTraceBehavior [ RunTime:0.038991s ]
INFO: [ app_end ] --END-- [ RunTime:0.039401s ]

[ 2015-05-03T15:45:32+08:00 ] ::1 /parents/index.php/Mobile/Search/test/id/11
INFO: [ app_init ] --START--
INFO: Run Behavior\BuildLiteBehavior [ RunTime:0.000090s ]
INFO: [ app_init ] --END-- [ RunTime:0.001973s ]
INFO: [ app_begin ] --START--
INFO: Run Behavior\ReadHtmlCacheBehavior [ RunTime:0.001058s ]
INFO: [ app_begin ] --END-- [ RunTime:0.001428s ]
NOTIC: [8192] mysql_connect(): The mysql extension is deprecated and will be removed in the future: use mysqli or PDO instead D:\wamp\www\parents\ThinkPHP\Library\Think\Session\Driver\Db.class.php 第 95 行.
INFO: [ app_end ] --START--
INFO: Run Behavior\ShowPageTraceBehavior [ RunTime:0.001038s ]
INFO: [ app_end ] --END-- [ RunTime:0.001361s ]

[ 2015-05-03T15:46:32+08:00 ] ::1 /parents/index.php/Mobile/Search/test/id/11
INFO: [ app_init ] --START--
INFO: Run Behavior\BuildLiteBehavior [ RunTime:0.000079s ]
INFO: [ app_init ] --END-- [ RunTime:0.001448s ]
INFO: [ app_begin ] --START--
INFO: Run Behavior\ReadHtmlCacheBehavior [ RunTime:0.001078s ]
INFO: [ app_begin ] --END-- [ RunTime:0.001383s ]
NOTIC: [8192] mysql_connect(): The mysql extension is deprecated and will be removed in the future: use mysqli or PDO instead D:\wamp\www\parents\ThinkPHP\Library\Think\Session\Driver\Db.class.php 第 95 行.
SQL: SHOW COLUMNS FROM `parent_picture` [ RunTime:0.0112s ]
SQL: SELECT * FROM `parent_picture` WHERE `id` = 11 LIMIT 1   [ RunTime:0.0007s ]
INFO: [ app_end ] --START--
INFO: Run Behavior\ShowPageTraceBehavior [ RunTime:0.001200s ]
INFO: [ app_end ] --END-- [ RunTime:0.001573s ]

[ 2015-05-03T19:13:19+08:00 ] ::1 /parents/index.php/Mobile/Login/login/username/test123/password/test123
INFO: [ app_init ] --START--
INFO: Run Behavior\BuildLiteBehavior [ RunTime:0.000077s ]
INFO: [ app_init ] --END-- [ RunTime:0.070829s ]
INFO: [ app_begin ] --START--
INFO: Run Behavior\ReadHtmlCacheBehavior [ RunTime:0.012086s ]
INFO: [ app_begin ] --END-- [ RunTime:0.012517s ]
NOTIC: [8192] mysql_connect(): The mysql extension is deprecated and will be removed in the future: use mysqli or PDO instead D:\wamp\www\parents\ThinkPHP\Library\Think\Session\Driver\Db.class.php 第 95 行.
NOTIC: [8] Undefined index: lite D:\wamp\www\parents\ThinkPHP\Library\Think\Db.class.php 第 37 行.
INFO: [ app_end ] --START--
INFO: Run Behavior\ShowPageTraceBehavior [ RunTime:0.033356s ]
INFO: [ app_end ] --END-- [ RunTime:0.034036s ]

[ 2015-05-03T19:13:58+08:00 ] ::1 /parents/index.php/Mobile/Login/login/username/12133/password/123455
INFO: [ app_init ] --START--
INFO: Run Behavior\BuildLiteBehavior [ RunTime:0.000079s ]
INFO: [ app_init ] --END-- [ RunTime:0.001014s ]
INFO: [ app_begin ] --START--
INFO: Run Behavior\ReadHtmlCacheBehavior [ RunTime:0.001105s ]
INFO: [ app_begin ] --END-- [ RunTime:0.001395s ]
NOTIC: [8192] mysql_connect(): The mysql extension is deprecated and will be removed in the future: use mysqli or PDO instead D:\wamp\www\parents\ThinkPHP\Library\Think\Session\Driver\Db.class.php 第 95 行.
NOTIC: [8] Undefined index: lite D:\wamp\www\parents\ThinkPHP\Library\Think\Db.class.php 第 37 行.
INFO: [ app_end ] --START--
INFO: Run Behavior\ShowPageTraceBehavior [ RunTime:0.005070s ]
INFO: [ app_end ] --END-- [ RunTime:0.006727s ]

[ 2015-05-03T19:14:03+08:00 ] ::1 /parents/index.php/Mobile/Login/login/username/12133/password/123456
INFO: [ app_init ] --START--
INFO: Run Behavior\BuildLiteBehavior [ RunTime:0.000099s ]
INFO: [ app_init ] --END-- [ RunTime:0.000999s ]
INFO: [ app_begin ] --START--
INFO: Run Behavior\ReadHtmlCacheBehavior [ RunTime:0.001561s ]
INFO: [ app_begin ] --END-- [ RunTime:0.001904s ]
NOTIC: [8192] mysql_connect(): The mysql extension is deprecated and will be removed in the future: use mysqli or PDO instead D:\wamp\www\parents\ThinkPHP\Library\Think\Session\Driver\Db.class.php 第 95 行.
NOTIC: [8] Undefined index: lite D:\wamp\www\parents\ThinkPHP\Library\Think\Db.class.php 第 37 行.
INFO: [ app_end ] --START--
INFO: Run Behavior\ShowPageTraceBehavior [ RunTime:0.005252s ]
INFO: [ app_end ] --END-- [ RunTime:0.007061s ]

[ 2015-05-03T19:22:43+08:00 ] ::1 /parents/index.php/Mobile/User/detailInfo
INFO: [ app_init ] --START--
INFO: Run Behavior\BuildLiteBehavior [ RunTime:0.000077s ]
INFO: [ app_init ] --END-- [ RunTime:0.001539s ]
INFO: [ app_begin ] --START--
INFO: Run Behavior\ReadHtmlCacheBehavior [ RunTime:0.001397s ]
INFO: [ app_begin ] --END-- [ RunTime:0.001801s ]
NOTIC: [8192] mysql_connect(): The mysql extension is deprecated and will be removed in the future: use mysqli or PDO instead D:\wamp\www\parents\ThinkPHP\Library\Think\Session\Driver\Db.class.php 第 95 行.
NOTIC: [8] Undefined index: lite D:\wamp\www\parents\ThinkPHP\Library\Think\Db.class.php 第 37 行.
SQL: SHOW COLUMNS FROM `parent_picture` [ RunTime:0.0267s ]
SQL: SELECT * FROM `parent_picture` LIMIT 1   [ RunTime:0.0018s ]
SQL: SHOW COLUMNS FROM `parent_district` [ RunTime:0.0093s ]
SQL: SELECT `name` FROM `parent_district` WHERE `id` = 1 LIMIT 1   [ RunTime:0.0007s ]
SQL: SELECT `name` FROM `parent_district` WHERE `id` = 38 LIMIT 1   [ RunTime:0.0006s ]
SQL: SELECT `name` FROM `parent_district` WHERE `id` = 582 LIMIT 1   [ RunTime:0.0009s ]
SQL: SELECT `name` FROM `parent_district` WHERE `id` = 1 LIMIT 1   [ RunTime:0.0003s ]
SQL: SELECT `name` FROM `parent_district` WHERE `id` = 38 LIMIT 1   [ RunTime:0.0004s ]
SQL: SELECT `name` FROM `parent_district` WHERE `id` = 582 LIMIT 1   [ RunTime:0.0008s ]
INFO: [ app_end ] --START--
INFO: Run Behavior\ShowPageTraceBehavior [ RunTime:0.001501s ]
INFO: [ app_end ] --END-- [ RunTime:0.001841s ]

[ 2015-05-03T19:28:55+08:00 ] ::1 /parents/index.php/Mobile/User/detailInfo
INFO: [ app_init ] --START--
INFO: Run Behavior\BuildLiteBehavior [ RunTime:0.000133s ]
INFO: [ app_init ] --END-- [ RunTime:0.001310s ]
INFO: [ app_begin ] --START--
INFO: Run Behavior\ReadHtmlCacheBehavior [ RunTime:0.001604s ]
INFO: [ app_begin ] --END-- [ RunTime:0.001986s ]
NOTIC: [8192] mysql_connect(): The mysql extension is deprecated and will be removed in the future: use mysqli or PDO instead D:\wamp\www\parents\ThinkPHP\Library\Think\Session\Driver\Db.class.php 第 95 行.
NOTIC: [8] Undefined index: lite D:\wamp\www\parents\ThinkPHP\Library\Think\Db.class.php 第 37 行.
SQL: SHOW COLUMNS FROM `parent_picture` [ RunTime:0.0099s ]
SQL: SELECT * FROM `parent_picture` LIMIT 1   [ RunTime:0.0021s ]
SQL: SHOW COLUMNS FROM `parent_district` [ RunTime:0.0141s ]
SQL: SELECT `name` FROM `parent_district` WHERE `id` = 1 LIMIT 1   [ RunTime:0.0007s ]
SQL: SELECT `name` FROM `parent_district` WHERE `id` = 38 LIMIT 1   [ RunTime:0.0007s ]
SQL: SELECT `name` FROM `parent_district` WHERE `id` = 582 LIMIT 1   [ RunTime:0.0003s ]
SQL: SELECT `name` FROM `parent_district` WHERE `id` = 1 LIMIT 1   [ RunTime:0.0020s ]
SQL: SELECT `name` FROM `parent_district` WHERE `id` = 38 LIMIT 1   [ RunTime:0.0008s ]
SQL: SELECT `name` FROM `parent_district` WHERE `id` = 582 LIMIT 1   [ RunTime:0.0008s ]
INFO: [ app_end ] --START--
INFO: Run Behavior\ShowPageTraceBehavior [ RunTime:0.001502s ]
INFO: [ app_end ] --END-- [ RunTime:0.001842s ]

